  Source.cpp
c:\users\palkanvjq\source\repos\sdl\sdl\source.cpp(375): warning C4244: инициализация: преобразование "double" в "float", возможна потеря данных
c:\users\palkanvjq\source\repos\sdl\sdl\source.cpp(379): warning C4244: =: преобразование "double" в "float", возможна потеря данных
c:\users\palkanvjq\source\repos\sdl\sdl\source.cpp(380): warning C4244: +=: преобразование "double" в "int", возможна потеря данных
c:\users\palkanvjq\source\repos\sdl\sdl\source.cpp(381): warning C4244: +=: преобразование "double" в "int", возможна потеря данных
c:\users\palkanvjq\source\repos\sdl\sdl\source.cpp(404): warning C4018: <: несоответствие типов со знаком и без знака
c:\users\palkanvjq\source\repos\sdl\sdl\source.cpp(426): warning C4244: аргумент: преобразование "time_t" в "unsigned int", возможна потеря данных
c:\users\palkanvjq\source\repos\sdl\sdl\source.cpp(548): warning C4244: аргумент: преобразование "time_t" в "unsigned int", возможна потеря данных
c:\users\palkanvjq\source\repos\sdl\sdl\source.cpp(550): warning C4018: <: несоответствие типов со знаком и без знака
c:\users\palkanvjq\source\repos\sdl\sdl\source.cpp(556): warning C4018: <: несоответствие типов со знаком и без знака
c:\users\palkanvjq\source\repos\sdl\sdl\source.cpp(588): warning C4244: аргумент: преобразование "time_t" в "unsigned int", возможна потеря данных
c:\users\palkanvjq\source\repos\sdl\sdl\source.cpp(619): warning C4018: <: несоответствие типов со знаком и без знака
c:\users\palkanvjq\source\repos\sdl\sdl\source.cpp(635): warning C4018: <: несоответствие типов со знаком и без знака
c:\users\palkanvjq\source\repos\sdl\sdl\source.cpp(655): warning C4018: <: несоответствие типов со знаком и без знака
c:\users\palkanvjq\source\repos\sdl\sdl\source.cpp(659): warning C4018: <: несоответствие типов со знаком и без знака
c:\users\palkanvjq\source\repos\sdl\sdl\source.cpp(663): warning C4018: <: несоответствие типов со знаком и без знака
c:\users\palkanvjq\source\repos\sdl\sdl\source.cpp(668): warning C4018: <: несоответствие типов со знаком и без знака
c:\users\palkanvjq\source\repos\sdl\sdl\source.cpp(676): warning C4018: <: несоответствие типов со знаком и без знака
c:\users\palkanvjq\source\repos\sdl\sdl\source.cpp(690): warning C4018: <: несоответствие типов со знаком и без знака
c:\program files (x86)\microsoft visual studio\2017\community\vc\tools\msvc\14.16.27023\include\type_traits(16707566): warning C4244: аргумент: преобразование "_Ty" в "int", возможна потеря данных
          with
          [
              _Ty=double
          ]
  c:\program files (x86)\microsoft visual studio\2017\community\vc\tools\msvc\14.16.27023\include\type_traits(16707566): note: выполняется компиляция ссылки на экземпляр шаблон функции "void std::_Invoker_functor::_Call<void(__cdecl *)(BlackJack *,int,int),_Ty,double,int>(_Callable &&,_Ty &&,double &&,int &&) noexcept(false)"
          with
          [
              _Ty=BlackJack *,
              _Callable=void (__cdecl *)(BlackJack *,int,int)
          ]
  c:\program files (x86)\microsoft visual studio\2017\community\vc\tools\msvc\14.16.27023\include\thr\xthread(237): note: выполняется компиляция ссылки на экземпляр шаблон функции "void std::invoke<void(__cdecl *)(BlackJack *,int,int),BlackJack*,double,int>(_Callable &&,BlackJack *&&,double &&,int &&) noexcept(false)"
          with
          [
              _Callable=void (__cdecl *)(BlackJack *,int,int)
          ]
  c:\program files (x86)\microsoft visual studio\2017\community\vc\tools\msvc\14.16.27023\include\thr\xthread(246): note: выполняется компиляция ссылки на экземпляр шаблон функции "void std::_LaunchPad<_Target>::_Execute<0,1,2,3>(std::tuple<void (__cdecl *)(BlackJack *,int,int),BlackJack *,double,int> &,std::integer_sequence<unsigned int,0,1,2,3>)"
          with
          [
              _Target=std::unique_ptr<std::tuple<void (__cdecl *)(BlackJack *,int,int),BlackJack *,double,int>,std::default_delete<std::tuple<void (__cdecl *)(BlackJack *,int,int),BlackJack *,double,int>>>
          ]
  c:\program files (x86)\microsoft visual studio\2017\community\vc\tools\msvc\14.16.27023\include\thr\xthread(245): note: выполняется компиляция ссылки на экземпляр шаблон функции "void std::_LaunchPad<_Target>::_Execute<0,1,2,3>(std::tuple<void (__cdecl *)(BlackJack *,int,int),BlackJack *,double,int> &,std::integer_sequence<unsigned int,0,1,2,3>)"
          with
          [
              _Target=std::unique_ptr<std::tuple<void (__cdecl *)(BlackJack *,int,int),BlackJack *,double,int>,std::default_delete<std::tuple<void (__cdecl *)(BlackJack *,int,int),BlackJack *,double,int>>>
          ]
  c:\program files (x86)\microsoft visual studio\2017\community\vc\tools\msvc\14.16.27023\include\thr\xthread(242): note: при компиляции функции-члена "<Нет данных>" класса класс <Нет данных>
  c:\program files (x86)\microsoft visual studio\2017\community\vc\tools\msvc\14.16.27023\include\thr\xthread(230): note: выполняется компиляция ссылки на экземпляр шаблон функции "void std::_LaunchPad<_Target>::_Run(std::_LaunchPad<_Target> *) noexcept"
          with
          [
              _Target=std::unique_ptr<std::tuple<void (__cdecl *)(BlackJack *,int,int),BlackJack *,double,int>,std::default_delete<std::tuple<void (__cdecl *)(BlackJack *,int,int),BlackJack *,double,int>>>
          ]
  c:\program files (x86)\microsoft visual studio\2017\community\vc\tools\msvc\14.16.27023\include\thr\xthread(257): note: выполняется компиляция ссылки на экземпляр шаблон класс "std::_LaunchPad<_Target>"
          with
          [
              _Target=std::unique_ptr<std::tuple<void (__cdecl *)(BlackJack *,int,int),BlackJack *,double,int>,std::default_delete<std::tuple<void (__cdecl *)(BlackJack *,int,int),BlackJack *,double,int>>>
          ]
  c:\program files (x86)\microsoft visual studio\2017\community\vc\tools\msvc\14.16.27023\include\thread(46): note: выполняется компиляция ссылки на экземпляр шаблон функции "void std::_Launch<std::unique_ptr<std::tuple<void (__cdecl *)(BlackJack *,int,int),BlackJack *,double,int>,std::default_delete<_Ty>>>(_Thrd_t *,_Target &&)"
          with
          [
              _Ty=std::tuple<void (__cdecl *)(BlackJack *,int,int),BlackJack *,double,int>,
              _Target=std::unique_ptr<std::tuple<void (__cdecl *)(BlackJack *,int,int),BlackJack *,double,int>,std::default_delete<std::tuple<void (__cdecl *)(BlackJack *,int,int),BlackJack *,double,int>>>
          ]
  c:\users\palkanvjq\source\repos\sdl\sdl\source.cpp(345): note: выполняется компиляция ссылки на экземпляр шаблон функции "std::thread::thread<void(__cdecl &)(BlackJack *,int,int),_Ty&,double,int,void>(_Fn,_Ty &,double &&,int &&)"
          with
          [
              _Ty=BlackJack *,
              _Fn=void (__cdecl &)(BlackJack *,int,int)
          ]
  SDL.vcxproj -> C:\Users\PalkanVjq\source\repos\SDL\Debug\SDL.exe
